<?xml version="1.0" encoding="UTF-8"?>
<testng-results ignored="0" total="1" passed="1" failed="0" skipped="0">
  <reporter-output>
  </reporter-output>
  <suite started-at="2020-08-07T16:21:06 IST" name="Default suite" finished-at="2020-08-07T16:21:20 IST" duration-ms="14133">
    <groups>
    </groups>
    <test started-at="2020-08-07T16:21:06 IST" name="Default test" finished-at="2020-08-07T16:21:20 IST" duration-ms="14133">
      <class name="Training.ExtentReport_Demo">
        <test-method is-config="true" signature="config()[pri:0, instance:Training.ExtentReport_Demo@1fe20588]" started-at="2020-08-07T16:21:06 IST" name="config" finished-at="2020-08-07T16:21:06 IST" duration-ms="617" status="PASS">
          <reporter-output>
          </reporter-output>
        </test-method> <!-- config -->
        <test-method signature="initialDemo()[pri:0, instance:Training.ExtentReport_Demo@1fe20588]" started-at="2020-08-07T16:21:06 IST" name="initialDemo" finished-at="2020-08-07T16:21:20 IST" duration-ms="13430" status="PASS">
          <reporter-output>
          </reporter-output>
        </test-method> <!-- initialDemo -->
      </class> <!-- Training.ExtentReport_Demo -->
    </test> <!-- Default test -->
  </suite> <!-- Default suite -->
</testng-results>
